[LOG] System::create                           : Header version = 2.00.09. Current version = 2.00.09.
[LOG] Manager::init                            : maxchannels = 256 studioflags = 00000006 flags 00000000 extradriverdata 0000000000000000.
[LOG] SystemI::init                            : Initialize version=20009 (109255), maxchannels=256, flags=0x00020000
[LOG] SystemI::setOutputInternal               : Setting output to 'FMOD WASAPI Output'
[LOG] OutputWASAPI::init                       : Mix Format (WAVEFORMATEX): wFormatTag=0xFFFE, nChannels=2, nSamplesPerSec=48000, nAvgBytesPerSec=384000, nBlockAlign=8, wBitsPerSample=32, cbSize=22.
[LOG] OutputWASAPI::init                       : Mix Format (WAVEFORMATEXTENSIBLE): wValidBitsPerSample=32, dwChannelMask=0x00000003, SubFormat=00000003-0000-0010-8000-00AA00389B71.
[LOG] OutputWASAPI::init                       : Output buffer size: 4096 samples, latency: 0.00ms, period: 10.00ms, DSP buffer: 1024 * 4
[LOG] Thread::initThread                       : Init FMOD stream thread. Priority: 2, Stack Size: 98304, Semaphore: No, Sleep Time: 10, Looping: Yes.
[LOG] Thread::initThread                       : Init FMOD mixer thread. Priority: 3, Stack Size: 81920, Semaphore: No, Sleep Time: 0, Looping: Yes.
[LOG] AsyncManager::init                       : manager 00000159FA76A6E8 isAsync 0 updatePeriod 0.02
[LOG] AsyncManager::init                       : done
[LOG] PlaybackSystem::init                     : 
[LOG] Thread::initThread                       : Init FMOD Studio sample load thread. Priority: 0, Stack Size: 98304, Semaphore: No, Sleep Time: 1, Looping: No.
[LOG] PlaybackSystem::init                     : done
[LOG] Thread::initThread                       : Init FMOD Studio bank load thread. Priority: 0, Stack Size: 98304, Semaphore: No, Sleep Time: 1, Looping: No.
[LOG] Manager::init                            : done.
[LOG] Manager::readBank                        : fileversion = 125, compatVersion = 119 (oldest = 44, newest = 125)
[LOG] SoundI::release                          : Cymbal Intro to Loop (0000015A19969B38)
[LOG] SoundI::release                          :     Cymbal Intro to Loop (00000159ADF17498)
[LOG] SoundI::release                          :     Cymbal Intro to Loop (00000159FA8B9D58)
[LOG] SoundI::release                          : Melody (0000015A19969988)
[LOG] SoundI::release                          :     Melody (00000159ADF16AD8)
[LOG] SoundI::release                          :     Melody (00000159FA8B9BA8)
[LOG] SoundI::release                          : Bass (0000015A199697D8)
[LOG] SoundI::release                          :     Bass (00000159ADF162B8)
[LOG] SoundI::release                          :     Bass (00000159FA8B8E28)
[LOG] SoundI::release                          : Xylophone Solo Loop (0000015A1996A8B8)
[LOG] SoundI::release                          :     Xylophone Solo Loop (00000159ADF15F78)
[LOG] SoundI::release                          :     Xylophone Solo Loop (00000159FA8BA5C8)
[LOG] SoundI::release                          : Riser Loop (0000015A1996A708)
[LOG] SoundI::release                          :     Riser Loop (00000159ADF16E18)
[LOG] SoundI::release                          :     Riser Loop (00000159FA8BA778)
[LOG] SoundI::release                          : Trumpet Intro (0000015A19969628)
[LOG] SoundI::release                          :     Trumpet Intro (00000159ADF18678)
[LOG] SoundI::release                          :     Trumpet Intro (00000159FA8BA418)
[LOG] SoundI::release                          : Timpani Intro to Loop (0000015A1996A048)
[LOG] SoundI::release                          :     Timpani Intro to Loop (00000159ADF15DD8)
[LOG] SoundI::release                          :     Timpani Intro to Loop (00000159FA8B9848)
[LOG] SoundI::release                          : INTRO+LOOPV4 (0000015A19969478)
[LOG] SoundI::release                          :     INTRO+LOOPV4 (00000159ADF184D8)
[LOG] SoundI::release                          :     INTRO+LOOPV4 (00000159FA8B9698)
[LOG] SoundI::release                          : Trumpet Solo Loop (0000015A1996AC18)
[LOG] SoundI::release                          :     Trumpet Solo Loop (00000159ADF14BF8)
[LOG] SoundI::release                          :     Trumpet Solo Loop (0000015A19969CE8)
[LOG] SoundI::release                          :  (00000159AF7FDBF8)
[LOG] SoundI::release                          :     Nexus_Death (00000159ADF150D8)
[LOG] Thread::callback                         : FMOD Studio update thread finished.
[LOG] Thread::callback                         : FMOD Studio bank load thread finished.
[LOG] Thread::callback                         : FMOD Studio sample load thread finished.
[LOG] LiveUpdate::release                      : 
[LOG] LiveUpdate::reset                        : Reset connection (reason Disconnected)
[LOG] Thread::callback                         : FMOD stream thread finished.
[LOG] Thread::callback                         : FMOD mixer thread finished.
[LOG] SystemI::close                           : Closed.
[LOG] Manager::readBank                        : fileversion = 125, compatVersion = 119 (oldest = 44, newest = 125)
[LOG] Manager::readBank                        : fileversion = 125, compatVersion = 119 (oldest = 44, newest = 125)
[LOG] Manager::readBank                        : fileversion = 125, compatVersion = 119 (oldest = 44, newest = 125)
[LOG] PlaybackSystem::acquireMasterBus         : Setting master channel group format to 6
[LOG] Manager::readBank                        : fileversion = 125, compatVersion = 119 (oldest = 44, newest = 125)
[LOG] Manager::readBank                        : fileversion = 125, compatVersion = 119 (oldest = 44, newest = 125)
[LOG] Thread::callback                         : FMOD Studio bank load thread finished.
[LOG] Thread::callback                         : FMOD Studio sample load thread finished.
[LOG] LiveUpdate::release                      : 
[LOG] LiveUpdate::reset                        : Reset connection (reason Disconnected)
[LOG] Thread::callback                         : FMOD stream thread finished.
[LOG] Thread::callback                         : FMOD mixer thread finished.
[LOG] Thread::callback                         : FMOD nonblocking thread (0) finished.
[LOG] Thread::callback                         : FMOD file thread finished.
[LOG] SystemI::close                           : Closed.
